<?xml version="1.0" encoding="UTF-8"?>
<testsuite xmlns:xsi="http://www.w3.org/2001/XMLSchema-instance" xsi:noNamespaceSchemaLocation="https://maven.apache.org/surefire/maven-surefire-plugin/xsd/surefire-test-report-3.0.xsd" version="3.0" name="Runner.runnerTest" time="56.261" tests="2" errors="0" skipped="0" failures="0">
  <properties>
    <property name="sun.desktop" value="windows"/>
    <property name="awt.toolkit" value="sun.awt.windows.WToolkit"/>
    <property name="file.encoding.pkg" value="sun.io"/>
    <property name="java.specification.version" value="1.8"/>
    <property name="webdriver.chrome.driver" value="C:\Users\admin\.cache\selenium\chromedriver\win32\88.0.4324.96\chromedriver.exe"/>
    <property name="sun.cpu.isalist" value="amd64"/>
    <property name="sun.jnu.encoding" value="Cp1252"/>
    <property name="java.class.path" value="D:\JAVA\GitHub\CucumbereCommerce\target\test-classes;D:\JAVA\GitHub\CucumbereCommerce\target\classes;C:\Users\admin\.m2\repository\io\cucumber\cucumber-junit\6.9.1\cucumber-junit-6.9.1.jar;C:\Users\admin\.m2\repository\org\apiguardian\apiguardian-api\1.1.0\apiguardian-api-1.1.0.jar;C:\Users\admin\.m2\repository\junit\junit\4.13.1\junit-4.13.1.jar;C:\Users\admin\.m2\repository\org\hamcrest\hamcrest-core\1.3\hamcrest-core-1.3.jar;C:\Users\admin\.m2\repository\io\cucumber\cucumber-java\6.9.1\cucumber-java-6.9.1.jar;C:\Users\admin\.m2\repository\io\cucumber\cucumber-picocontainer\6.9.1\cucumber-picocontainer-6.9.1.jar;C:\Users\admin\.m2\repository\org\picocontainer\picocontainer\2.15\picocontainer-2.15.jar;C:\Users\admin\.m2\repository\io\cucumber\cucumber-testng\6.9.1\cucumber-testng-6.9.1.jar;C:\Users\admin\.m2\repository\io\cucumber\cucumber-core\6.9.1\cucumber-core-6.9.1.jar;C:\Users\admin\.m2\repository\io\cucumber\cucumber-gherkin\6.9.1\cucumber-gherkin-6.9.1.jar;C:\Users\admin\.m2\repository\io\cucumber\cucumber-gherkin-messages\6.9.1\cucumber-gherkin-messages-6.9.1.jar;C:\Users\admin\.m2\repository\io\cucumber\messages\13.2.1\messages-13.2.1.jar;C:\Users\admin\.m2\repository\io\cucumber\tag-expressions\3.0.0\tag-expressions-3.0.0.jar;C:\Users\admin\.m2\repository\io\cucumber\cucumber-expressions\10.3.0\cucumber-expressions-10.3.0.jar;C:\Users\admin\.m2\repository\io\cucumber\datatable\3.5.0\datatable-3.5.0.jar;C:\Users\admin\.m2\repository\io\cucumber\cucumber-plugin\6.9.1\cucumber-plugin-6.9.1.jar;C:\Users\admin\.m2\repository\io\cucumber\docstring\6.9.1\docstring-6.9.1.jar;C:\Users\admin\.m2\repository\io\cucumber\html-formatter\9.0.0\html-formatter-9.0.0.jar;C:\Users\admin\.m2\repository\io\cucumber\create-meta\2.0.4\create-meta-2.0.4.jar;C:\Users\admin\.m2\repository\org\testng\testng\7.1.0\testng-7.1.0.jar;C:\Users\admin\.m2\repository\com\beust\jcommander\1.72\jcommander-1.72.jar;C:\Users\admin\.m2\repository\com\google\inject\guice\4.1.0\guice-4.1.0-no_aop.jar;C:\Users\admin\.m2\repository\javax\inject\javax.inject\1\javax.inject-1.jar;C:\Users\admin\.m2\repository\aopalliance\aopalliance\1.0\aopalliance-1.0.jar;C:\Users\admin\.m2\repository\org\yaml\snakeyaml\1.21\snakeyaml-1.21.jar;C:\Users\admin\.m2\repository\org\seleniumhq\selenium\selenium-java\3.141.59\selenium-java-3.141.59.jar;C:\Users\admin\.m2\repository\org\seleniumhq\selenium\selenium-api\3.141.59\selenium-api-3.141.59.jar;C:\Users\admin\.m2\repository\org\seleniumhq\selenium\selenium-chrome-driver\3.141.59\selenium-chrome-driver-3.141.59.jar;C:\Users\admin\.m2\repository\org\seleniumhq\selenium\selenium-edge-driver\3.141.59\selenium-edge-driver-3.141.59.jar;C:\Users\admin\.m2\repository\org\seleniumhq\selenium\selenium-firefox-driver\3.141.59\selenium-firefox-driver-3.141.59.jar;C:\Users\admin\.m2\repository\org\seleniumhq\selenium\selenium-ie-driver\3.141.59\selenium-ie-driver-3.141.59.jar;C:\Users\admin\.m2\repository\org\seleniumhq\selenium\selenium-opera-driver\3.141.59\selenium-opera-driver-3.141.59.jar;C:\Users\admin\.m2\repository\org\seleniumhq\selenium\selenium-remote-driver\3.141.59\selenium-remote-driver-3.141.59.jar;C:\Users\admin\.m2\repository\org\seleniumhq\selenium\selenium-safari-driver\3.141.59\selenium-safari-driver-3.141.59.jar;C:\Users\admin\.m2\repository\org\seleniumhq\selenium\selenium-support\3.141.59\selenium-support-3.141.59.jar;C:\Users\admin\.m2\repository\net\bytebuddy\byte-buddy\1.8.15\byte-buddy-1.8.15.jar;C:\Users\admin\.m2\repository\org\apache\commons\commons-exec\1.3\commons-exec-1.3.jar;C:\Users\admin\.m2\repository\com\google\guava\guava\25.0-jre\guava-25.0-jre.jar;C:\Users\admin\.m2\repository\com\google\code\findbugs\jsr305\1.3.9\jsr305-1.3.9.jar;C:\Users\admin\.m2\repository\org\checkerframework\checker-compat-qual\2.0.0\checker-compat-qual-2.0.0.jar;C:\Users\admin\.m2\repository\com\google\errorprone\error_prone_annotations\2.1.3\error_prone_annotations-2.1.3.jar;C:\Users\admin\.m2\repository\com\google\j2objc\j2objc-annotations\1.1\j2objc-annotations-1.1.jar;C:\Users\admin\.m2\repository\org\codehaus\mojo\animal-sniffer-annotations\1.14\animal-sniffer-annotations-1.14.jar;C:\Users\admin\.m2\repository\com\squareup\okhttp3\okhttp\3.11.0\okhttp-3.11.0.jar;C:\Users\admin\.m2\repository\com\squareup\okio\okio\1.14.0\okio-1.14.0.jar;C:\Users\admin\.m2\repository\com\vimalselvam\cucumber-extentsreport\3.1.1\cucumber-extentsreport-3.1.1.jar;C:\Users\admin\.m2\repository\tech\grasshopper\extentreports-cucumber6-adapter\2.6.0\extentreports-cucumber6-adapter-2.6.0.jar;C:\Users\admin\.m2\repository\com\aventstack\extentreports\5.0.5\extentreports-5.0.5.jar;C:\Users\admin\.m2\repository\io\reactivex\rxjava3\rxjava\3.0.4\rxjava-3.0.4.jar;C:\Users\admin\.m2\repository\org\reactivestreams\reactive-streams\1.0.3\reactive-streams-1.0.3.jar;C:\Users\admin\.m2\repository\org\freemarker\freemarker\2.3.30\freemarker-2.3.30.jar;C:\Users\admin\.m2\repository\org\projectlombok\lombok\1.18.12\lombok-1.18.12.jar;C:\Users\admin\.m2\repository\tech\grasshopper\extent-pdf-report\1.5.0\extent-pdf-report-1.5.0.jar;C:\Users\admin\.m2\repository\tech\grasshopper\cucumber-pdf-report\1.7.0\cucumber-pdf-report-1.7.0.jar;C:\Users\admin\.m2\repository\org\apache\pdfbox\pdfbox\2.0.21\pdfbox-2.0.21.jar;C:\Users\admin\.m2\repository\org\apache\pdfbox\fontbox\2.0.21\fontbox-2.0.21.jar;C:\Users\admin\.m2\repository\org\knowm\xchart\xchart\3.6.5\xchart-3.6.5.jar;C:\Users\admin\.m2\repository\de\erichseifert\vectorgraphics2d\VectorGraphics2D\0.13\VectorGraphics2D-0.13.jar;C:\Users\admin\.m2\repository\de\rototor\pdfbox\graphics2d\0.27\graphics2d-0.27.jar;C:\Users\admin\.m2\repository\com\madgag\animated-gif-lib\1.4\animated-gif-lib-1.4.jar;C:\Users\admin\.m2\repository\com\github\vandeseer\easytable\0.7.1\easytable-0.7.1.jar;C:\Users\admin\.m2\repository\com\github\ralfstuckert\pdfbox-layout\pdfbox2-layout\1.0.0\pdfbox2-layout-1.0.0.jar;C:\Users\admin\.m2\repository\com\aventstack\klov-reporter\5.0.5\klov-reporter-5.0.5.jar;C:\Users\admin\.m2\repository\org\mongodb\bson\3.6.4\bson-3.6.4.jar;C:\Users\admin\.m2\repository\org\apache\httpcomponents\httpclient\4.5.2\httpclient-4.5.2.jar;C:\Users\admin\.m2\repository\org\apache\httpcomponents\httpcore\4.4.4\httpcore-4.4.4.jar;C:\Users\admin\.m2\repository\commons-logging\commons-logging\1.2\commons-logging-1.2.jar;C:\Users\admin\.m2\repository\org\apache\httpcomponents\httpmime\4.5.2\httpmime-4.5.2.jar;C:\Users\admin\.m2\repository\org\mongodb\mongodb-driver\3.3.0\mongodb-driver-3.3.0.jar;C:\Users\admin\.m2\repository\org\mongodb\mongodb-driver-core\3.3.0\mongodb-driver-core-3.3.0.jar;C:\Users\admin\.m2\repository\org\junit\jupiter\junit-jupiter-api\5.7.0\junit-jupiter-api-5.7.0.jar;C:\Users\admin\.m2\repository\org\opentest4j\opentest4j\1.2.0\opentest4j-1.2.0.jar;C:\Users\admin\.m2\repository\org\junit\platform\junit-platform-commons\1.7.0\junit-platform-commons-1.7.0.jar;C:\Users\admin\.m2\repository\io\github\bonigarcia\webdrivermanager\4.3.0\webdrivermanager-4.3.0.jar;C:\Users\admin\.m2\repository\org\slf4j\slf4j-api\1.7.30\slf4j-api-1.7.30.jar;C:\Users\admin\.m2\repository\commons-io\commons-io\2.8.0\commons-io-2.8.0.jar;C:\Users\admin\.m2\repository\com\google\code\gson\gson\2.8.6\gson-2.8.6.jar;C:\Users\admin\.m2\repository\org\apache\commons\commons-lang3\3.11\commons-lang3-3.11.jar;C:\Users\admin\.m2\repository\org\apache\httpcomponents\client5\httpclient5\5.0.3\httpclient5-5.0.3.jar;C:\Users\admin\.m2\repository\org\apache\httpcomponents\core5\httpcore5\5.0.2\httpcore5-5.0.2.jar;C:\Users\admin\.m2\repository\org\apache\httpcomponents\core5\httpcore5-h2\5.0.2\httpcore5-h2-5.0.2.jar;C:\Users\admin\.m2\repository\commons-codec\commons-codec\1.13\commons-codec-1.13.jar;C:\Users\admin\.m2\repository\org\rauschig\jarchivelib\1.1.0\jarchivelib-1.1.0.jar;C:\Users\admin\.m2\repository\org\apache\commons\commons-compress\1.20\commons-compress-1.20.jar;C:\Users\admin\.m2\repository\org\jsoup\jsoup\1.13.1\jsoup-1.13.1.jar;"/>
    <property name="java.vm.vendor" value="Oracle Corporation"/>
    <property name="sun.arch.data.model" value="64"/>
    <property name="user.variant" value=""/>
    <property name="java.vendor.url" value="http://java.oracle.com/"/>
    <property name="user.timezone" value="Asia/Calcutta"/>
    <property name="java.vm.specification.version" value="1.8"/>
    <property name="os.name" value="Windows 10"/>
    <property name="user.country" value="IN"/>
    <property name="sun.java.launcher" value="SUN_STANDARD"/>
    <property name="sun.boot.library.path" value="C:\Program Files\Java\jdk1.8.0_241\jre\bin"/>
    <property name="sun.java.command" value="C:\Users\admin\AppData\Local\Temp\surefire1360601466797400429\surefirebooter2668824354215664538.jar C:\Users\admin\AppData\Local\Temp\surefire1360601466797400429 2021-02-25T23-57-59_338-jvmRun1 surefire8486287289944244315tmp surefire_07653174932114502574tmp"/>
    <property name="surefire.test.class.path" value="D:\JAVA\GitHub\CucumbereCommerce\target\test-classes;D:\JAVA\GitHub\CucumbereCommerce\target\classes;C:\Users\admin\.m2\repository\io\cucumber\cucumber-junit\6.9.1\cucumber-junit-6.9.1.jar;C:\Users\admin\.m2\repository\org\apiguardian\apiguardian-api\1.1.0\apiguardian-api-1.1.0.jar;C:\Users\admin\.m2\repository\junit\junit\4.13.1\junit-4.13.1.jar;C:\Users\admin\.m2\repository\org\hamcrest\hamcrest-core\1.3\hamcrest-core-1.3.jar;C:\Users\admin\.m2\repository\io\cucumber\cucumber-java\6.9.1\cucumber-java-6.9.1.jar;C:\Users\admin\.m2\repository\io\cucumber\cucumber-picocontainer\6.9.1\cucumber-picocontainer-6.9.1.jar;C:\Users\admin\.m2\repository\org\picocontainer\picocontainer\2.15\picocontainer-2.15.jar;C:\Users\admin\.m2\repository\io\cucumber\cucumber-testng\6.9.1\cucumber-testng-6.9.1.jar;C:\Users\admin\.m2\repository\io\cucumber\cucumber-core\6.9.1\cucumber-core-6.9.1.jar;C:\Users\admin\.m2\repository\io\cucumber\cucumber-gherkin\6.9.1\cucumber-gherkin-6.9.1.jar;C:\Users\admin\.m2\repository\io\cucumber\cucumber-gherkin-messages\6.9.1\cucumber-gherkin-messages-6.9.1.jar;C:\Users\admin\.m2\repository\io\cucumber\messages\13.2.1\messages-13.2.1.jar;C:\Users\admin\.m2\repository\io\cucumber\tag-expressions\3.0.0\tag-expressions-3.0.0.jar;C:\Users\admin\.m2\repository\io\cucumber\cucumber-expressions\10.3.0\cucumber-expressions-10.3.0.jar;C:\Users\admin\.m2\repository\io\cucumber\datatable\3.5.0\datatable-3.5.0.jar;C:\Users\admin\.m2\repository\io\cucumber\cucumber-plugin\6.9.1\cucumber-plugin-6.9.1.jar;C:\Users\admin\.m2\repository\io\cucumber\docstring\6.9.1\docstring-6.9.1.jar;C:\Users\admin\.m2\repository\io\cucumber\html-formatter\9.0.0\html-formatter-9.0.0.jar;C:\Users\admin\.m2\repository\io\cucumber\create-meta\2.0.4\create-meta-2.0.4.jar;C:\Users\admin\.m2\repository\org\testng\testng\7.1.0\testng-7.1.0.jar;C:\Users\admin\.m2\repository\com\beust\jcommander\1.72\jcommander-1.72.jar;C:\Users\admin\.m2\repository\com\google\inject\guice\4.1.0\guice-4.1.0-no_aop.jar;C:\Users\admin\.m2\repository\javax\inject\javax.inject\1\javax.inject-1.jar;C:\Users\admin\.m2\repository\aopalliance\aopalliance\1.0\aopalliance-1.0.jar;C:\Users\admin\.m2\repository\org\yaml\snakeyaml\1.21\snakeyaml-1.21.jar;C:\Users\admin\.m2\repository\org\seleniumhq\selenium\selenium-java\3.141.59\selenium-java-3.141.59.jar;C:\Users\admin\.m2\repository\org\seleniumhq\selenium\selenium-api\3.141.59\selenium-api-3.141.59.jar;C:\Users\admin\.m2\repository\org\seleniumhq\selenium\selenium-chrome-driver\3.141.59\selenium-chrome-driver-3.141.59.jar;C:\Users\admin\.m2\repository\org\seleniumhq\selenium\selenium-edge-driver\3.141.59\selenium-edge-driver-3.141.59.jar;C:\Users\admin\.m2\repository\org\seleniumhq\selenium\selenium-firefox-driver\3.141.59\selenium-firefox-driver-3.141.59.jar;C:\Users\admin\.m2\repository\org\seleniumhq\selenium\selenium-ie-driver\3.141.59\selenium-ie-driver-3.141.59.jar;C:\Users\admin\.m2\repository\org\seleniumhq\selenium\selenium-opera-driver\3.141.59\selenium-opera-driver-3.141.59.jar;C:\Users\admin\.m2\repository\org\seleniumhq\selenium\selenium-remote-driver\3.141.59\selenium-remote-driver-3.141.59.jar;C:\Users\admin\.m2\repository\org\seleniumhq\selenium\selenium-safari-driver\3.141.59\selenium-safari-driver-3.141.59.jar;C:\Users\admin\.m2\repository\org\seleniumhq\selenium\selenium-support\3.141.59\selenium-support-3.141.59.jar;C:\Users\admin\.m2\repository\net\bytebuddy\byte-buddy\1.8.15\byte-buddy-1.8.15.jar;C:\Users\admin\.m2\repository\org\apache\commons\commons-exec\1.3\commons-exec-1.3.jar;C:\Users\admin\.m2\repository\com\google\guava\guava\25.0-jre\guava-25.0-jre.jar;C:\Users\admin\.m2\repository\com\google\code\findbugs\jsr305\1.3.9\jsr305-1.3.9.jar;C:\Users\admin\.m2\repository\org\checkerframework\checker-compat-qual\2.0.0\checker-compat-qual-2.0.0.jar;C:\Users\admin\.m2\repository\com\google\errorprone\error_prone_annotations\2.1.3\error_prone_annotations-2.1.3.jar;C:\Users\admin\.m2\repository\com\google\j2objc\j2objc-annotations\1.1\j2objc-annotations-1.1.jar;C:\Users\admin\.m2\repository\org\codehaus\mojo\animal-sniffer-annotations\1.14\animal-sniffer-annotations-1.14.jar;C:\Users\admin\.m2\repository\com\squareup\okhttp3\okhttp\3.11.0\okhttp-3.11.0.jar;C:\Users\admin\.m2\repository\com\squareup\okio\okio\1.14.0\okio-1.14.0.jar;C:\Users\admin\.m2\repository\com\vimalselvam\cucumber-extentsreport\3.1.1\cucumber-extentsreport-3.1.1.jar;C:\Users\admin\.m2\repository\tech\grasshopper\extentreports-cucumber6-adapter\2.6.0\extentreports-cucumber6-adapter-2.6.0.jar;C:\Users\admin\.m2\repository\com\aventstack\extentreports\5.0.5\extentreports-5.0.5.jar;C:\Users\admin\.m2\repository\io\reactivex\rxjava3\rxjava\3.0.4\rxjava-3.0.4.jar;C:\Users\admin\.m2\repository\org\reactivestreams\reactive-streams\1.0.3\reactive-streams-1.0.3.jar;C:\Users\admin\.m2\repository\org\freemarker\freemarker\2.3.30\freemarker-2.3.30.jar;C:\Users\admin\.m2\repository\org\projectlombok\lombok\1.18.12\lombok-1.18.12.jar;C:\Users\admin\.m2\repository\tech\grasshopper\extent-pdf-report\1.5.0\extent-pdf-report-1.5.0.jar;C:\Users\admin\.m2\repository\tech\grasshopper\cucumber-pdf-report\1.7.0\cucumber-pdf-report-1.7.0.jar;C:\Users\admin\.m2\repository\org\apache\pdfbox\pdfbox\2.0.21\pdfbox-2.0.21.jar;C:\Users\admin\.m2\repository\org\apache\pdfbox\fontbox\2.0.21\fontbox-2.0.21.jar;C:\Users\admin\.m2\repository\org\knowm\xchart\xchart\3.6.5\xchart-3.6.5.jar;C:\Users\admin\.m2\repository\de\erichseifert\vectorgraphics2d\VectorGraphics2D\0.13\VectorGraphics2D-0.13.jar;C:\Users\admin\.m2\repository\de\rototor\pdfbox\graphics2d\0.27\graphics2d-0.27.jar;C:\Users\admin\.m2\repository\com\madgag\animated-gif-lib\1.4\animated-gif-lib-1.4.jar;C:\Users\admin\.m2\repository\com\github\vandeseer\easytable\0.7.1\easytable-0.7.1.jar;C:\Users\admin\.m2\repository\com\github\ralfstuckert\pdfbox-layout\pdfbox2-layout\1.0.0\pdfbox2-layout-1.0.0.jar;C:\Users\admin\.m2\repository\com\aventstack\klov-reporter\5.0.5\klov-reporter-5.0.5.jar;C:\Users\admin\.m2\repository\org\mongodb\bson\3.6.4\bson-3.6.4.jar;C:\Users\admin\.m2\repository\org\apache\httpcomponents\httpclient\4.5.2\httpclient-4.5.2.jar;C:\Users\admin\.m2\repository\org\apache\httpcomponents\httpcore\4.4.4\httpcore-4.4.4.jar;C:\Users\admin\.m2\repository\commons-logging\commons-logging\1.2\commons-logging-1.2.jar;C:\Users\admin\.m2\repository\org\apache\httpcomponents\httpmime\4.5.2\httpmime-4.5.2.jar;C:\Users\admin\.m2\repository\org\mongodb\mongodb-driver\3.3.0\mongodb-driver-3.3.0.jar;C:\Users\admin\.m2\repository\org\mongodb\mongodb-driver-core\3.3.0\mongodb-driver-core-3.3.0.jar;C:\Users\admin\.m2\repository\org\junit\jupiter\junit-jupiter-api\5.7.0\junit-jupiter-api-5.7.0.jar;C:\Users\admin\.m2\repository\org\opentest4j\opentest4j\1.2.0\opentest4j-1.2.0.jar;C:\Users\admin\.m2\repository\org\junit\platform\junit-platform-commons\1.7.0\junit-platform-commons-1.7.0.jar;C:\Users\admin\.m2\repository\io\github\bonigarcia\webdrivermanager\4.3.0\webdrivermanager-4.3.0.jar;C:\Users\admin\.m2\repository\org\slf4j\slf4j-api\1.7.30\slf4j-api-1.7.30.jar;C:\Users\admin\.m2\repository\commons-io\commons-io\2.8.0\commons-io-2.8.0.jar;C:\Users\admin\.m2\repository\com\google\code\gson\gson\2.8.6\gson-2.8.6.jar;C:\Users\admin\.m2\repository\org\apache\commons\commons-lang3\3.11\commons-lang3-3.11.jar;C:\Users\admin\.m2\repository\org\apache\httpcomponents\client5\httpclient5\5.0.3\httpclient5-5.0.3.jar;C:\Users\admin\.m2\repository\org\apache\httpcomponents\core5\httpcore5\5.0.2\httpcore5-5.0.2.jar;C:\Users\admin\.m2\repository\org\apache\httpcomponents\core5\httpcore5-h2\5.0.2\httpcore5-h2-5.0.2.jar;C:\Users\admin\.m2\repository\commons-codec\commons-codec\1.13\commons-codec-1.13.jar;C:\Users\admin\.m2\repository\org\rauschig\jarchivelib\1.1.0\jarchivelib-1.1.0.jar;C:\Users\admin\.m2\repository\org\apache\commons\commons-compress\1.20\commons-compress-1.20.jar;C:\Users\admin\.m2\repository\org\jsoup\jsoup\1.13.1\jsoup-1.13.1.jar;"/>
    <property name="sun.cpu.endian" value="little"/>
    <property name="user.home" value="C:\Users\admin"/>
    <property name="user.language" value="en"/>
    <property name="java.specification.vendor" value="Oracle Corporation"/>
    <property name="java.home" value="C:\Program Files\Java\jdk1.8.0_241\jre"/>
    <property name="basedir" value="D:\JAVA\GitHub\CucumbereCommerce"/>
    <property name="file.separator" value="\"/>
    <property name="line.separator" value="&#10;"/>
    <property name="idea.version2019.2.4" value="true"/>
    <property name="java.vm.specification.vendor" value="Oracle Corporation"/>
    <property name="java.specification.name" value="Java Platform API Specification"/>
    <property name="java.awt.graphicsenv" value="sun.awt.Win32GraphicsEnvironment"/>
    <property name="surefire.real.class.path" value="C:\Users\admin\AppData\Local\Temp\surefire1360601466797400429\surefirebooter2668824354215664538.jar"/>
    <property name="sun.boot.class.path" value="C:\Program Files\Java\jdk1.8.0_241\jre\lib\resources.jar;C:\Program Files\Java\jdk1.8.0_241\jre\lib\rt.jar;C:\Program Files\Java\jdk1.8.0_241\jre\lib\sunrsasign.jar;C:\Program Files\Java\jdk1.8.0_241\jre\lib\jsse.jar;C:\Program Files\Java\jdk1.8.0_241\jre\lib\jce.jar;C:\Program Files\Java\jdk1.8.0_241\jre\lib\charsets.jar;C:\Program Files\Java\jdk1.8.0_241\jre\lib\jfr.jar;C:\Program Files\Java\jdk1.8.0_241\jre\classes"/>
    <property name="user.script" value=""/>
    <property name="sun.management.compiler" value="HotSpot 64-Bit Tiered Compilers"/>
    <property name="java.runtime.version" value="1.8.0_241-b07"/>
    <property name="user.name" value="admin"/>
    <property name="path.separator" value=";"/>
    <property name="os.version" value="10.0"/>
    <property name="java.endorsed.dirs" value="C:\Program Files\Java\jdk1.8.0_241\jre\lib\endorsed"/>
    <property name="java.runtime.name" value="Java(TM) SE Runtime Environment"/>
    <property name="file.encoding" value="Cp1252"/>
    <property name="java.vm.name" value="Java HotSpot(TM) 64-Bit Server VM"/>
    <property name="localRepository" value="C:\Users\admin\.m2\repository"/>
    <property name="java.vendor.url.bug" value="http://bugreport.sun.com/bugreport/"/>
    <property name="java.io.tmpdir" value="C:\Users\admin\AppData\Local\Temp\"/>
    <property name="java.version" value="1.8.0_241"/>
    <property name="user.dir" value="D:\JAVA\GitHub\CucumbereCommerce"/>
    <property name="os.arch" value="amd64"/>
    <property name="java.vm.specification.name" value="Java Virtual Machine Specification"/>
    <property name="java.awt.printerjob" value="sun.awt.windows.WPrinterJob"/>
    <property name="sun.os.patch.level" value=""/>
    <property name="java.library.path" value="C:\Program Files\Java\jdk1.8.0_241\jre\bin;C:\Windows\Sun\Java\bin;C:\Windows\system32;C:\Windows;C:\Program Files (x86)\Common Files\Oracle\Java\javapath;C:\Windows\system32;C:\Windows;C:\Windows\System32\Wbem;C:\Windows\System32\WindowsPowerShell\v1.0\;C:\Windows\System32\OpenSSH\;C:\Program Files\Java\jdk1.8.0_241\bin;C:\apache-maven-3.6.3\bin;C:\Program Files\Git\cmd;C:\Program Files\nodejs\;C:\Program Files (x86)\Intel\Intel(R) Management Engine Components\DAL;C:\Program Files\Intel\Intel(R) Management Engine Components\DAL;C:\allure-2.13.5\bin;C:\strawberry\c\bin;C:\strawberry\perl\bin;C:\Gradle\gradle-6.8\bin;C:\Python\Python38\Scripts\;C:\Python\Python38\;C:\Program Files\MySQL\MySQL Shell 8.0\bin\;C:\Users\admin\AppData\Local\Microsoft\WindowsApps;C:\Program Files\JetBrains\IntelliJ IDEA Community Edition 2019.2.3\bin;;C:\Users\admin\AppData\Local\Programs\Microsoft VS Code\bin;C:\Users\admin\AppData\Roaming\npm;;."/>
    <property name="java.vm.info" value="mixed mode"/>
    <property name="java.vendor" value="Oracle Corporation"/>
    <property name="java.vm.version" value="25.241-b07"/>
    <property name="java.ext.dirs" value="C:\Program Files\Java\jdk1.8.0_241\jre\lib\ext;C:\Windows\Sun\Java\lib\ext"/>
    <property name="sun.io.unicode.encoding" value="UnicodeLittle"/>
    <property name="java.class.version" value="52.0"/>
  </properties>
  <testcase name="Login with invalid credentials #1" classname="Testing Ecommerce" time="22.635">
    <system-out><![CDATA[
@unsuccessfully
Scenario Outline: Login with invalid credentials                                          &amp#27;[90m# features/Login.feature:18&amp#27;[0m
  &amp#27;[32mGiven &amp#27;[0m&amp#27;[32muser navigate to login page&amp#27;[0m                                                       &amp#27;[90m# stepDefinition.LoginTest.i_naviagate_to_launch_page_of_the_application()&amp#27;[0m
  &amp#27;[32mWhen &amp#27;[0m&amp#27;[32muser enters invalid sets of &amp#27;[0m&amp#27;[32m&amp#27;[1m"rrm@gmail.com"&amp#27;[0m&amp#27;[32m and &amp#27;[0m&amp#27;[32m&amp#27;[1m"dhyhdj"&amp#27;[0m&amp#27;[32m and click on login button&amp#27;[0m &amp#27;[90m# stepDefinition.LoginTest.user_enters_invalid_sets_of_and_and_click_on_login_button(java.lang.String,java.lang.String)&amp#27;[0m
  &amp#27;[32mThen &amp#27;[0m&amp#27;[32muser should not be able to login successfully&amp#27;[0m                                      &amp#27;[90m# stepDefinition.LoginTest.user_should_not_be_able_to_login_successfully()&amp#27;[0m
]]></system-out>
    <system-err><![CDATA[SLF4J: Failed to load class "org.slf4j.impl.StaticLoggerBinder".
SLF4J: Defaulting to no-operation (NOP) logger implementation
SLF4J: See http://www.slf4j.org/codes.html#StaticLoggerBinder for further details.
Starting ChromeDriver 88.0.4324.96 (68dba2d8a0b149a1d3afac56fa74648032bcf46b-refs/branch-heads/4324@{#1784}) on port 26537
Only local connections are allowed.
Please see https://chromedriver.chromium.org/security-considerations for suggestions on keeping ChromeDriver safe.
ChromeDriver was started successfully.
Feb 25, 2021 11:58:09 PM org.openqa.selenium.remote.ProtocolHandshake createSession
INFO: Detected dialect: W3C
]]></system-err>
  </testcase>
  <testcase name="Login with invalid credentials #2" classname="Testing Ecommerce" time="22.894">
    <system-out><![CDATA[
@unsuccessfully
Scenario Outline: Login with invalid credentials                                              &amp#27;[90m# features/Login.feature:19&amp#27;[0m
  &amp#27;[32mGiven &amp#27;[0m&amp#27;[32muser navigate to login page&amp#27;[0m                                                           &amp#27;[90m# stepDefinition.LoginTest.i_naviagate_to_launch_page_of_the_application()&amp#27;[0m
  &amp#27;[32mWhen &amp#27;[0m&amp#27;[32muser enters invalid sets of &amp#27;[0m&amp#27;[32m&amp#27;[1m"dchbdcb@gmail.com"&amp#27;[0m&amp#27;[32m and &amp#27;[0m&amp#27;[32m&amp#27;[1m"qwerty"&amp#27;[0m&amp#27;[32m and click on login button&amp#27;[0m &amp#27;[90m# stepDefinition.LoginTest.user_enters_invalid_sets_of_and_and_click_on_login_button(java.lang.String,java.lang.String)&amp#27;[0m
  &amp#27;[32mThen &amp#27;[0m&amp#27;[32muser should not be able to login successfully&amp#27;[0m                                          &amp#27;[90m# stepDefinition.LoginTest.user_should_not_be_able_to_login_successfully()&amp#27;[0m
]]></system-out>
    <system-err><![CDATA[Starting ChromeDriver 88.0.4324.96 (68dba2d8a0b149a1d3afac56fa74648032bcf46b-refs/branch-heads/4324@{#1784}) on port 7389
Only local connections are allowed.
Please see https://chromedriver.chromium.org/security-considerations for suggestions on keeping ChromeDriver safe.
ChromeDriver was started successfully.
Feb 25, 2021 11:58:29 PM org.openqa.selenium.remote.ProtocolHandshake createSession
INFO: Detected dialect: W3C
]]></system-err>
  </testcase>
</testsuite>